  main.cpp
C:\Users\Chawapon\source\repos\Project4Game\Project4Game\main.cpp(61,12): warning C4244: 'argument': conversion from 'time_t' to 'unsigned int', possible loss of data
C:\Users\Chawapon\source\repos\Project4Game\Project4Game\main.cpp(67,49): warning C4244: 'argument': conversion from 'T' to 'T', possible loss of data
          with
          [
              T=int
          ]
          and
          [
              T=float
          ]
C:\Users\Chawapon\source\repos\Project4Game\Project4Game\main.cpp(67,39): warning C4244: 'argument': conversion from 'T' to 'T', possible loss of data
          with
          [
              T=int
          ]
          and
          [
              T=float
          ]
C:\Users\Chawapon\source\repos\Project4Game\Project4Game\main.cpp(146,50): warning C4244: 'argument': conversion from 'float' to 'T', possible loss of data
          with
          [
              T=int
          ]
C:\Users\Chawapon\source\repos\Project4Game\Project4Game\main.cpp(146,41): warning C4244: 'argument': conversion from 'float' to 'T', possible loss of data
          with
          [
              T=int
          ]
C:\Users\Chawapon\source\repos\Project4Game\Project4Game\main.cpp(158,61): warning C4244: 'argument': conversion from 'float' to 'T', possible loss of data
          with
          [
              T=int
          ]
C:\Users\Chawapon\source\repos\Project4Game\Project4Game\main.cpp(158,55): warning C4244: 'argument': conversion from 'float' to 'T', possible loss of data
          with
          [
              T=int
          ]
C:\Users\Chawapon\source\repos\Project4Game\Project4Game\main.cpp(158,49): warning C4244: 'argument': conversion from 'float' to 'T', possible loss of data
          with
          [
              T=int
          ]
C:\Users\Chawapon\source\repos\Project4Game\Project4Game\main.cpp(158,43): warning C4244: 'argument': conversion from 'float' to 'T', possible loss of data
          with
          [
              T=int
          ]
C:\Users\Chawapon\source\repos\Project4Game\Project4Game\main.cpp(253,69): warning C4244: 'argument': conversion from 'float' to 'T', possible loss of data
          with
          [
              T=int
          ]
C:\Users\Chawapon\source\repos\Project4Game\Project4Game\main.cpp(253,62): warning C4244: 'argument': conversion from 'float' to 'T', possible loss of data
          with
          [
              T=int
          ]
C:\Users\Chawapon\source\repos\Project4Game\Project4Game\main.cpp(253,56): warning C4244: 'argument': conversion from 'float' to 'T', possible loss of data
          with
          [
              T=int
          ]
C:\Users\Chawapon\source\repos\Project4Game\Project4Game\main.cpp(253,50): warning C4244: 'argument': conversion from 'float' to 'T', possible loss of data
          with
          [
              T=int
          ]
C:\Users\Chawapon\source\repos\Project4Game\Project4Game\main.cpp(261,57): warning C4244: 'argument': conversion from 'float' to 'T', possible loss of data
          with
          [
              T=int
          ]
C:\Users\Chawapon\source\repos\Project4Game\Project4Game\main.cpp(261,50): warning C4244: 'argument': conversion from 'float' to 'T', possible loss of data
          with
          [
              T=int
          ]
C:\Users\Chawapon\source\repos\Project4Game\Project4Game\main.cpp(261,44): warning C4244: 'argument': conversion from 'float' to 'T', possible loss of data
          with
          [
              T=int
          ]
C:\Users\Chawapon\source\repos\Project4Game\Project4Game\main.cpp(261,38): warning C4244: 'argument': conversion from 'float' to 'T', possible loss of data
          with
          [
              T=int
          ]
C:\Users\Chawapon\source\repos\Project4Game\Project4Game\main.cpp(269,56): warning C4244: 'argument': conversion from 'float' to 'T', possible loss of data
          with
          [
              T=int
          ]
C:\Users\Chawapon\source\repos\Project4Game\Project4Game\main.cpp(269,49): warning C4244: 'argument': conversion from 'float' to 'T', possible loss of data
          with
          [
              T=int
          ]
C:\Users\Chawapon\source\repos\Project4Game\Project4Game\main.cpp(269,43): warning C4244: 'argument': conversion from 'float' to 'T', possible loss of data
          with
          [
              T=int
          ]
C:\Users\Chawapon\source\repos\Project4Game\Project4Game\main.cpp(269,37): warning C4244: 'argument': conversion from 'float' to 'T', possible loss of data
          with
          [
              T=int
          ]
C:\Users\Chawapon\source\repos\Project4Game\Project4Game\main.cpp(277,56): warning C4244: 'argument': conversion from 'float' to 'T', possible loss of data
          with
          [
              T=int
          ]
C:\Users\Chawapon\source\repos\Project4Game\Project4Game\main.cpp(277,49): warning C4244: 'argument': conversion from 'float' to 'T', possible loss of data
          with
          [
              T=int
          ]
C:\Users\Chawapon\source\repos\Project4Game\Project4Game\main.cpp(277,43): warning C4244: 'argument': conversion from 'float' to 'T', possible loss of data
          with
          [
              T=int
          ]
C:\Users\Chawapon\source\repos\Project4Game\Project4Game\main.cpp(277,37): warning C4244: 'argument': conversion from 'float' to 'T', possible loss of data
          with
          [
              T=int
          ]
C:\Users\Chawapon\source\repos\Project4Game\Project4Game\main.cpp(285,58): warning C4244: 'argument': conversion from 'float' to 'T', possible loss of data
          with
          [
              T=int
          ]
C:\Users\Chawapon\source\repos\Project4Game\Project4Game\main.cpp(285,51): warning C4244: 'argument': conversion from 'float' to 'T', possible loss of data
          with
          [
              T=int
          ]
C:\Users\Chawapon\source\repos\Project4Game\Project4Game\main.cpp(285,45): warning C4244: 'argument': conversion from 'float' to 'T', possible loss of data
          with
          [
              T=int
          ]
C:\Users\Chawapon\source\repos\Project4Game\Project4Game\main.cpp(285,39): warning C4244: 'argument': conversion from 'float' to 'T', possible loss of data
          with
          [
              T=int
          ]
C:\Users\Chawapon\source\repos\Project4Game\Project4Game\main.cpp(293,56): warning C4244: 'argument': conversion from 'float' to 'T', possible loss of data
          with
          [
              T=int
          ]
C:\Users\Chawapon\source\repos\Project4Game\Project4Game\main.cpp(293,49): warning C4244: 'argument': conversion from 'float' to 'T', possible loss of data
          with
          [
              T=int
          ]
C:\Users\Chawapon\source\repos\Project4Game\Project4Game\main.cpp(293,43): warning C4244: 'argument': conversion from 'float' to 'T', possible loss of data
          with
          [
              T=int
          ]
C:\Users\Chawapon\source\repos\Project4Game\Project4Game\main.cpp(293,37): warning C4244: 'argument': conversion from 'float' to 'T', possible loss of data
          with
          [
              T=int
          ]
C:\Users\Chawapon\source\repos\Project4Game\Project4Game\main.cpp(301,58): warning C4244: 'argument': conversion from 'float' to 'T', possible loss of data
          with
          [
              T=int
          ]
C:\Users\Chawapon\source\repos\Project4Game\Project4Game\main.cpp(301,51): warning C4244: 'argument': conversion from 'float' to 'T', possible loss of data
          with
          [
              T=int
          ]
C:\Users\Chawapon\source\repos\Project4Game\Project4Game\main.cpp(301,45): warning C4244: 'argument': conversion from 'float' to 'T', possible loss of data
          with
          [
              T=int
          ]
C:\Users\Chawapon\source\repos\Project4Game\Project4Game\main.cpp(301,39): warning C4244: 'argument': conversion from 'float' to 'T', possible loss of data
          with
          [
              T=int
          ]
C:\Users\Chawapon\source\repos\Project4Game\Project4Game\main.cpp(309,57): warning C4244: 'argument': conversion from 'float' to 'T', possible loss of data
          with
          [
              T=int
          ]
C:\Users\Chawapon\source\repos\Project4Game\Project4Game\main.cpp(309,50): warning C4244: 'argument': conversion from 'float' to 'T', possible loss of data
          with
          [
              T=int
          ]
C:\Users\Chawapon\source\repos\Project4Game\Project4Game\main.cpp(309,44): warning C4244: 'argument': conversion from 'float' to 'T', possible loss of data
          with
          [
              T=int
          ]
C:\Users\Chawapon\source\repos\Project4Game\Project4Game\main.cpp(309,38): warning C4244: 'argument': conversion from 'float' to 'T', possible loss of data
          with
          [
              T=int
          ]
C:\Users\Chawapon\source\repos\Project4Game\Project4Game\main.cpp(317,62): warning C4244: 'argument': conversion from 'float' to 'T', possible loss of data
          with
          [
              T=int
          ]
C:\Users\Chawapon\source\repos\Project4Game\Project4Game\main.cpp(317,55): warning C4244: 'argument': conversion from 'float' to 'T', possible loss of data
          with
          [
              T=int
          ]
C:\Users\Chawapon\source\repos\Project4Game\Project4Game\main.cpp(317,49): warning C4244: 'argument': conversion from 'float' to 'T', possible loss of data
          with
          [
              T=int
          ]
C:\Users\Chawapon\source\repos\Project4Game\Project4Game\main.cpp(317,43): warning C4244: 'argument': conversion from 'float' to 'T', possible loss of data
          with
          [
              T=int
          ]
C:\Users\Chawapon\source\repos\Project4Game\Project4Game\main.cpp(325,61): warning C4244: 'argument': conversion from 'float' to 'T', possible loss of data
          with
          [
              T=int
          ]
C:\Users\Chawapon\source\repos\Project4Game\Project4Game\main.cpp(325,54): warning C4244: 'argument': conversion from 'float' to 'T', possible loss of data
          with
          [
              T=int
          ]
C:\Users\Chawapon\source\repos\Project4Game\Project4Game\main.cpp(325,48): warning C4244: 'argument': conversion from 'float' to 'T', possible loss of data
          with
          [
              T=int
          ]
C:\Users\Chawapon\source\repos\Project4Game\Project4Game\main.cpp(325,42): warning C4244: 'argument': conversion from 'float' to 'T', possible loss of data
          with
          [
              T=int
          ]
C:\Users\Chawapon\source\repos\Project4Game\Project4Game\main.cpp(333,57): warning C4244: 'argument': conversion from 'float' to 'T', possible loss of data
          with
          [
              T=int
          ]
C:\Users\Chawapon\source\repos\Project4Game\Project4Game\main.cpp(333,50): warning C4244: 'argument': conversion from 'float' to 'T', possible loss of data
          with
          [
              T=int
          ]
C:\Users\Chawapon\source\repos\Project4Game\Project4Game\main.cpp(333,44): warning C4244: 'argument': conversion from 'float' to 'T', possible loss of data
          with
          [
              T=int
          ]
C:\Users\Chawapon\source\repos\Project4Game\Project4Game\main.cpp(333,38): warning C4244: 'argument': conversion from 'float' to 'T', possible loss of data
          with
          [
              T=int
          ]
C:\Users\Chawapon\source\repos\Project4Game\Project4Game\main.cpp(341,55): warning C4244: 'argument': conversion from 'float' to 'T', possible loss of data
          with
          [
              T=int
          ]
C:\Users\Chawapon\source\repos\Project4Game\Project4Game\main.cpp(341,48): warning C4244: 'argument': conversion from 'float' to 'T', possible loss of data
          with
          [
              T=int
          ]
C:\Users\Chawapon\source\repos\Project4Game\Project4Game\main.cpp(341,42): warning C4244: 'argument': conversion from 'float' to 'T', possible loss of data
          with
          [
              T=int
          ]
C:\Users\Chawapon\source\repos\Project4Game\Project4Game\main.cpp(341,36): warning C4244: 'argument': conversion from 'float' to 'T', possible loss of data
          with
          [
              T=int
          ]
C:\Users\Chawapon\source\repos\Project4Game\Project4Game\main.cpp(349,46): warning C4244: 'argument': conversion from 'int' to 'float', possible loss of data
C:\Users\Chawapon\source\repos\Project4Game\Project4Game\main.cpp(349,31): warning C4244: 'argument': conversion from 'int' to 'float', possible loss of data
C:\Users\Chawapon\source\repos\Project4Game\Project4Game\main.cpp(354,26): warning C4244: '=': conversion from 'int' to 'T', possible loss of data
          with
          [
              T=float
          ]
C:\Users\Chawapon\source\repos\Project4Game\Project4Game\main.cpp(355,26): warning C4244: '=': conversion from 'int' to 'T', possible loss of data
          with
          [
              T=float
          ]
C:\Users\Chawapon\source\repos\Project4Game\Project4Game\main.cpp(366,26): warning C4244: '=': conversion from 'int' to 'T', possible loss of data
          with
          [
              T=float
          ]
C:\Users\Chawapon\source\repos\Project4Game\Project4Game\main.cpp(367,26): warning C4244: '=': conversion from 'int' to 'T', possible loss of data
          with
          [
              T=float
          ]
C:\Users\Chawapon\source\repos\Project4Game\Project4Game\main.cpp(376,45): warning C4244: 'argument': conversion from 'float' to 'T', possible loss of data
          with
          [
              T=int
          ]
C:\Users\Chawapon\source\repos\Project4Game\Project4Game\main.cpp(381,26): warning C4244: '=': conversion from 'int' to 'T', possible loss of data
          with
          [
              T=float
          ]
C:\Users\Chawapon\source\repos\Project4Game\Project4Game\main.cpp(382,26): warning C4244: '=': conversion from 'int' to 'T', possible loss of data
          with
          [
              T=float
          ]
C:\Users\Chawapon\source\repos\Project4Game\Project4Game\main.cpp(457,30): warning C4244: '=': conversion from 'int' to 'T', possible loss of data
          with
          [
              T=float
          ]
C:\Users\Chawapon\source\repos\Project4Game\Project4Game\main.cpp(466,30): warning C4244: '=': conversion from 'int' to 'T', possible loss of data
          with
          [
              T=float
          ]
C:\Users\Chawapon\source\repos\Project4Game\Project4Game\main.cpp(485,30): warning C4244: '=': conversion from 'int' to 'T', possible loss of data
          with
          [
              T=float
          ]
C:\Users\Chawapon\source\repos\Project4Game\Project4Game\main.cpp(494,30): warning C4244: '=': conversion from 'int' to 'T', possible loss of data
          with
          [
              T=float
          ]
C:\Users\Chawapon\source\repos\Project4Game\Project4Game\main.cpp(510,30): warning C4244: '=': conversion from 'int' to 'T', possible loss of data
          with
          [
              T=float
          ]
C:\Users\Chawapon\source\repos\Project4Game\Project4Game\main.cpp(519,30): warning C4244: '=': conversion from 'int' to 'T', possible loss of data
          with
          [
              T=float
          ]
C:\Users\Chawapon\source\repos\Project4Game\Project4Game\main.cpp(538,30): warning C4244: '=': conversion from 'int' to 'T', possible loss of data
          with
          [
              T=float
          ]
C:\Users\Chawapon\source\repos\Project4Game\Project4Game\main.cpp(547,30): warning C4244: '=': conversion from 'int' to 'T', possible loss of data
          with
          [
              T=float
          ]
C:\Users\Chawapon\source\repos\Project4Game\Project4Game\main.cpp(627,27): warning C4244: '=': conversion from 'int' to 'T', possible loss of data
          with
          [
              T=float
          ]
C:\Users\Chawapon\source\repos\Project4Game\Project4Game\main.cpp(663,27): warning C4244: '=': conversion from 'int' to 'T', possible loss of data
          with
          [
              T=float
          ]
C:\Users\Chawapon\source\repos\Project4Game\Project4Game\main.cpp(708,31): warning C4244: '=': conversion from 'int' to 'T', possible loss of data
          with
          [
              T=float
          ]
C:\Users\Chawapon\source\repos\Project4Game\Project4Game\main.cpp(717,31): warning C4244: '=': conversion from 'int' to 'T', possible loss of data
          with
          [
              T=float
          ]
C:\Users\Chawapon\source\repos\Project4Game\Project4Game\main.cpp(726,31): warning C4244: '=': conversion from 'int' to 'T', possible loss of data
          with
          [
              T=float
          ]
C:\Users\Chawapon\source\repos\Project4Game\Project4Game\main.cpp(735,31): warning C4244: '=': conversion from 'int' to 'T', possible loss of data
          with
          [
              T=float
          ]
C:\Users\Chawapon\source\repos\Project4Game\Project4Game\main.cpp(744,31): warning C4244: '=': conversion from 'int' to 'T', possible loss of data
          with
          [
              T=float
          ]
C:\Users\Chawapon\source\repos\Project4Game\Project4Game\main.cpp(765,31): warning C4244: '=': conversion from 'int' to 'T', possible loss of data
          with
          [
              T=float
          ]
C:\Users\Chawapon\source\repos\Project4Game\Project4Game\main.cpp(774,31): warning C4244: '=': conversion from 'int' to 'T', possible loss of data
          with
          [
              T=float
          ]
C:\Users\Chawapon\source\repos\Project4Game\Project4Game\main.cpp(783,31): warning C4244: '=': conversion from 'int' to 'T', possible loss of data
          with
          [
              T=float
          ]
C:\Users\Chawapon\source\repos\Project4Game\Project4Game\main.cpp(792,31): warning C4244: '=': conversion from 'int' to 'T', possible loss of data
          with
          [
              T=float
          ]
C:\Users\Chawapon\source\repos\Project4Game\Project4Game\main.cpp(801,31): warning C4244: '=': conversion from 'int' to 'T', possible loss of data
          with
          [
              T=float
          ]
C:\Users\Chawapon\source\repos\Project4Game\Project4Game\main.cpp(827,28): warning C4244: '=': conversion from 'int' to 'T', possible loss of data
          with
          [
              T=float
          ]
C:\Users\Chawapon\source\repos\Project4Game\Project4Game\main.cpp(859,28): warning C4244: '=': conversion from 'int' to 'T', possible loss of data
          with
          [
              T=float
          ]
C:\Users\Chawapon\source\repos\Project4Game\Project4Game\main.cpp(968,21): warning C4305: '=': truncation from 'double' to 'float'
C:\Users\Chawapon\source\repos\Project4Game\Project4Game\main.cpp(1021,60): warning C4244: 'argument': conversion from 'float' to 'T', possible loss of data
          with
          [
              T=int
          ]
C:\Users\Chawapon\source\repos\Project4Game\Project4Game\main.cpp(1021,48): warning C4244: 'argument': conversion from 'float' to 'T', possible loss of data
          with
          [
              T=int
          ]
C:\Users\Chawapon\source\repos\Project4Game\Project4Game\main.cpp(1036,66): warning C4244: 'argument': conversion from 'float' to 'T', possible loss of data
          with
          [
              T=int
          ]
C:\Users\Chawapon\source\repos\Project4Game\Project4Game\main.cpp(1036,58): warning C4244: 'argument': conversion from 'float' to 'T', possible loss of data
          with
          [
              T=int
          ]
C:\Users\Chawapon\source\repos\Project4Game\Project4Game\main.cpp(1036,44): warning C4244: 'argument': conversion from 'float' to 'T', possible loss of data
          with
          [
              T=int
          ]
C:\Users\Chawapon\source\repos\Project4Game\Project4Game\main.cpp(1056,76): warning C4244: 'argument': conversion from 'T' to 'T', possible loss of data
          with
          [
              T=int
          ]
          and
          [
              T=float
          ]
C:\Users\Chawapon\source\repos\Project4Game\Project4Game\main.cpp(1056,66): warning C4244: 'argument': conversion from 'T' to 'T', possible loss of data
          with
          [
              T=int
          ]
          and
          [
              T=float
          ]
C:\Users\Chawapon\source\repos\Project4Game\Project4Game\main.cpp(1439,94): warning C4244: 'argument': conversion from 'int' to 'float', possible loss of data
C:\Users\Chawapon\source\repos\Project4Game\Project4Game\main.cpp(1439,79): warning C4244: 'argument': conversion from 'int' to 'float', possible loss of data
C:\Users\Chawapon\source\repos\Project4Game\Project4Game\main.cpp(1442,25): warning C4244: 'argument': conversion from 'int' to 'float', possible loss of data
C:\Users\Chawapon\source\repos\Project4Game\Project4Game\main.cpp(1525,19): warning C4305: '-=': truncation from 'double' to 'float'
C:\Users\Chawapon\source\repos\Project4Game\Project4Game\main.cpp(1900,19): warning C4305: '=': truncation from 'double' to 'float'
C:\Users\Chawapon\source\repos\Project4Game\Project4Game\main.cpp(1903,28): warning C4244: '=': conversion from 'int' to 'T', possible loss of data
          with
          [
              T=float
          ]
C:\Users\Chawapon\source\repos\Project4Game\Project4Game\main.cpp(1904,28): warning C4244: '=': conversion from 'int' to 'T', possible loss of data
          with
          [
              T=float
          ]
C:\Users\Chawapon\source\repos\Project4Game\Project4Game\main.cpp(1931,20): warning C4305: '+=': truncation from 'double' to 'float'
C:\Users\Chawapon\source\repos\Project4Game\Project4Game\main.cpp(1933,28): warning C4244: '=': conversion from 'int' to 'T', possible loss of data
          with
          [
              T=float
          ]
C:\Users\Chawapon\source\repos\Project4Game\Project4Game\main.cpp(1934,28): warning C4244: '=': conversion from 'int' to 'T', possible loss of data
          with
          [
              T=float
          ]
C:\Users\Chawapon\source\repos\Project4Game\Project4Game\main.cpp(1956,61): warning C4244: '=': conversion from 'T' to 'int', possible loss of data
          with
          [
              T=float
          ]
C:\Users\Chawapon\source\repos\Project4Game\Project4Game\main.cpp(2215,19): warning C4244: '=': conversion from 'int' to 'float', possible loss of data
C:\Users\Chawapon\source\repos\Project4Game\Project4Game\main.cpp(2227,21): warning C4244: '=': conversion from 'int' to 'float', possible loss of data
C:\Users\Chawapon\source\repos\Project4Game\Project4Game\main.cpp(2230): warning C4715: 'findPosCarY': not all control paths return a value
  Project4Game.vcxproj -> C:\Users\Chawapon\source\repos\Project4Game\x64\Debug\Project4Game.exe
